TN:
SF:src\models\CalendarEvent.js
FN:2,(anonymous_0)
FN:29,(anonymous_1)
FN:35,(anonymous_2)
FN:41,(anonymous_3)
FN:46,(anonymous_4)
FN:50,(anonymous_5)
FN:55,(anonymous_6)
FN:59,(anonymous_7)
FN:63,(anonymous_8)
FN:67,(anonymous_9)
FNF:10
FNH:10
FNDA:55,(anonymous_0)
FNDA:15,(anonymous_1)
FNDA:3,(anonymous_2)
FNDA:9,(anonymous_3)
FNDA:5,(anonymous_4)
FNDA:2,(anonymous_5)
FNDA:1,(anonymous_6)
FNDA:1,(anonymous_7)
FNDA:2,(anonymous_8)
FNDA:1,(anonymous_9)
DA:3,55
DA:4,54
DA:5,53
DA:6,52
DA:7,51
DA:8,50
DA:10,49
DA:11,49
DA:12,49
DA:13,48
DA:14,47
DA:16,45
DA:17,45
DA:18,45
DA:19,45
DA:20,45
DA:21,45
DA:22,45
DA:23,45
DA:24,45
DA:25,45
DA:26,45
DA:30,15
DA:31,14
DA:32,13
DA:36,3
DA:37,3
DA:38,2
DA:42,9
DA:43,8
DA:47,5
DA:51,2
DA:52,2
DA:56,1
DA:60,1
DA:64,2
DA:68,1
DA:83,4
LF:38
LH:38
BRDA:2,0,0,55
BRDA:2,1,0,54
BRDA:3,2,0,1
BRDA:3,2,1,54
BRDA:4,3,0,1
BRDA:4,3,1,53
BRDA:4,4,0,54
BRDA:4,4,1,53
BRDA:5,5,0,1
BRDA:5,5,1,52
BRDA:6,6,0,1
BRDA:6,6,1,51
BRDA:7,7,0,1
BRDA:7,7,1,50
BRDA:8,8,0,1
BRDA:8,8,1,49
BRDA:12,9,0,1
BRDA:12,9,1,48
BRDA:13,10,0,1
BRDA:13,10,1,47
BRDA:14,11,0,2
BRDA:14,11,1,45
BRDA:30,12,0,1
BRDA:30,12,1,14
BRDA:31,13,0,1
BRDA:31,13,1,13
BRDA:37,14,0,1
BRDA:37,14,1,2
BRDA:42,15,0,1
BRDA:42,15,1,8
BRDA:47,16,0,5
BRDA:47,16,1,3
BRDA:52,17,0,2
BRDA:52,17,1,1
BRDA:52,17,2,1
BRDA:64,18,0,2
BRDA:64,18,1,2
BRF:37
BRH:37
end_of_record
TN:
SF:src\models\Initiative.js
FN:4,(anonymous_0)
FN:26,(anonymous_1)
FN:33,(anonymous_2)
FN:39,(anonymous_3)
FN:44,(anonymous_4)
FN:49,(anonymous_5)
FN:55,(anonymous_6)
FN:60,(anonymous_7)
FN:66,(anonymous_8)
FN:72,(anonymous_9)
FN:76,(anonymous_10)
FN:80,(anonymous_11)
FNF:12
FNH:12
FNDA:100,(anonymous_0)
FNDA:89,(anonymous_1)
FNDA:3,(anonymous_2)
FNDA:75,(anonymous_3)
FNDA:16,(anonymous_4)
FNDA:13,(anonymous_5)
FNDA:7,(anonymous_6)
FNDA:6,(anonymous_7)
FNDA:21,(anonymous_8)
FNDA:7,(anonymous_9)
FNDA:2,(anonymous_10)
FNDA:1,(anonymous_11)
DA:1,6
DA:5,100
DA:6,99
DA:7,98
DA:8,97
DA:9,95
DA:11,94
DA:12,94
DA:13,94
DA:14,94
DA:15,94
DA:16,94
DA:17,94
DA:18,94
DA:19,94
DA:20,94
DA:21,94
DA:22,94
DA:23,94
DA:27,89
DA:28,88
DA:29,87
DA:30,86
DA:34,3
DA:35,3
DA:36,2
DA:40,75
DA:41,74
DA:45,16
DA:46,15
DA:50,13
DA:51,12
DA:52,12
DA:56,7
DA:57,5
DA:61,6
DA:62,5
DA:67,21
DA:68,21
DA:73,7
DA:77,2
DA:81,1
DA:99,6
LF:43
LH:43
BRDA:4,0,0,100
BRDA:4,1,0,100
BRDA:4,2,0,0
BRDA:4,3,0,36
BRDA:4,4,0,98
BRDA:5,5,0,1
BRDA:5,5,1,99
BRDA:6,6,0,1
BRDA:6,6,1,98
BRDA:6,7,0,99
BRDA:6,7,1,98
BRDA:7,8,0,1
BRDA:7,8,1,97
BRDA:8,9,0,2
BRDA:8,9,1,95
BRDA:9,10,0,1
BRDA:9,10,1,94
BRDA:27,11,0,1
BRDA:27,11,1,88
BRDA:28,12,0,1
BRDA:28,12,1,87
BRDA:29,13,0,1
BRDA:29,13,1,86
BRDA:35,14,0,1
BRDA:35,14,1,2
BRDA:40,15,0,1
BRDA:40,15,1,74
BRDA:45,16,0,1
BRDA:45,16,1,15
BRDA:50,17,0,1
BRDA:50,17,1,12
BRDA:56,18,0,2
BRDA:56,18,1,5
BRDA:61,19,0,5
BRDA:61,19,1,1
BRDA:67,20,0,21
BRDA:67,20,1,0
BRF:37
BRH:35
end_of_record
TN:
SF:src\models\MapPoint.js
FN:2,(anonymous_0)
FN:25,(anonymous_1)
FN:30,(anonymous_2)
FN:43,(anonymous_3)
FN:47,(anonymous_4)
FNF:5
FNH:5
FNDA:53,(anonymous_0)
FNDA:6,(anonymous_1)
FNDA:2,(anonymous_2)
FNDA:8,(anonymous_3)
FNDA:1,(anonymous_4)
DA:3,53
DA:4,52
DA:5,51
DA:6,50
DA:7,48
DA:8,46
DA:9,45
DA:11,44
DA:12,44
DA:14,43
DA:15,43
DA:16,43
DA:17,43
DA:18,43
DA:19,43
DA:20,43
DA:21,43
DA:22,43
DA:26,6
DA:27,5
DA:31,2
DA:32,2
DA:33,2
DA:35,2
DA:40,2
DA:44,8
DA:48,1
DA:61,4
LF:28
LH:28
BRDA:2,0,0,53
BRDA:2,1,0,24
BRDA:3,2,0,1
BRDA:3,2,1,52
BRDA:4,3,0,1
BRDA:4,3,1,51
BRDA:4,4,0,52
BRDA:4,4,1,51
BRDA:5,5,0,1
BRDA:5,5,1,50
BRDA:5,6,0,51
BRDA:5,6,1,50
BRDA:6,7,0,2
BRDA:6,7,1,48
BRDA:6,8,0,50
BRDA:6,8,1,49
BRDA:7,9,0,2
BRDA:7,9,1,46
BRDA:7,10,0,48
BRDA:7,10,1,47
BRDA:8,11,0,1
BRDA:8,11,1,45
BRDA:8,12,0,46
BRDA:8,12,1,45
BRDA:9,13,0,1
BRDA:9,13,1,44
BRDA:12,14,0,1
BRDA:12,14,1,43
BRDA:26,15,0,1
BRDA:26,15,1,5
BRF:30
BRH:30
end_of_record
TN:
SF:src\models\Prize.js
FN:2,(anonymous_0)
FN:19,(anonymous_1)
FN:23,(anonymous_2)
FN:28,(anonymous_3)
FN:34,(anonymous_4)
FNF:5
FNH:5
FNDA:51,(anonymous_0)
FNDA:37,(anonymous_1)
FNDA:6,(anonymous_2)
FNDA:19,(anonymous_3)
FNDA:2,(anonymous_4)
DA:3,51
DA:4,49
DA:5,48
DA:6,48
DA:7,46
DA:9,45
DA:10,45
DA:11,45
DA:12,45
DA:13,45
DA:14,45
DA:15,45
DA:16,45
DA:20,37
DA:24,6
DA:25,4
DA:29,19
DA:30,18
DA:31,17
DA:35,2
DA:48,4
LF:21
LH:21
BRDA:2,0,0,51
BRDA:2,1,0,48
BRDA:3,2,0,2
BRDA:3,2,1,49
BRDA:4,3,0,1
BRDA:4,3,1,48
BRDA:4,4,0,49
BRDA:4,4,1,48
BRDA:5,5,0,0
BRDA:5,5,1,48
BRDA:5,6,0,48
BRDA:5,6,1,48
BRDA:6,7,0,2
BRDA:6,7,1,46
BRDA:7,8,0,1
BRDA:7,8,1,45
BRDA:7,9,0,46
BRDA:7,9,1,26
BRDA:13,10,0,25
BRDA:13,10,1,20
BRDA:20,11,0,37
BRDA:20,11,1,21
BRDA:24,12,0,2
BRDA:24,12,1,4
BRDA:29,13,0,1
BRDA:29,13,1,18
BRDA:30,14,0,1
BRDA:30,14,1,17
BRDA:40,15,0,1
BRDA:40,15,1,1
BRDA:42,16,0,1
BRDA:42,16,1,1
BRF:32
BRH:31
end_of_record
TN:
SF:src\models\User.js
FN:2,(anonymous_0)
FN:17,(anonymous_1)
FN:22,(anonymous_2)
FN:28,(anonymous_3)
FN:32,(anonymous_4)
FN:36,(anonymous_5)
FN:40,(anonymous_6)
FN:44,(anonymous_7)
FN:50,(anonymous_8)
FN:56,(anonymous_9)
FN:60,(anonymous_10)
FNF:11
FNH:11
FNDA:463,(anonymous_0)
FNDA:73,(anonymous_1)
FNDA:13,(anonymous_2)
FNDA:38,(anonymous_3)
FNDA:3,(anonymous_4)
FNDA:65,(anonymous_5)
FNDA:55,(anonymous_6)
FNDA:82,(anonymous_7)
FNDA:3,(anonymous_8)
FNDA:6,(anonymous_9)
FNDA:1,(anonymous_10)
DA:3,463
DA:4,462
DA:5,460
DA:6,458
DA:7,458
DA:8,458
DA:9,458
DA:10,458
DA:11,458
DA:12,458
DA:13,458
DA:14,458
DA:18,73
DA:19,71
DA:23,13
DA:24,11
DA:25,9
DA:29,38
DA:33,3
DA:37,65
DA:41,55
DA:45,82
DA:46,81
DA:47,80
DA:51,3
DA:52,3
DA:53,2
DA:57,6
DA:61,1
DA:74,7
LF:30
LH:30
BRDA:2,0,0,36
BRDA:2,1,0,443
BRDA:2,2,0,452
BRDA:3,3,0,1
BRDA:3,3,1,462
BRDA:4,4,0,2
BRDA:4,4,1,460
BRDA:4,5,0,462
BRDA:4,5,1,461
BRDA:5,6,0,2
BRDA:5,6,1,458
BRDA:5,7,0,460
BRDA:5,7,1,459
BRDA:18,8,0,2
BRDA:18,8,1,71
BRDA:23,9,0,2
BRDA:23,9,1,11
BRDA:24,10,0,2
BRDA:24,10,1,9
BRDA:45,11,0,1
BRDA:45,11,1,81
BRDA:46,12,0,1
BRDA:46,12,1,80
BRDA:52,13,0,1
BRDA:52,13,1,2
BRF:25
BRH:25
end_of_record
TN:
SF:src\services\CalendarService.js
FN:5,(anonymous_0)
FN:13,(anonymous_1)
FN:30,(anonymous_2)
FN:37,(anonymous_3)
FN:43,(anonymous_4)
FN:56,(anonymous_5)
FN:63,(anonymous_6)
FN:71,(anonymous_7)
FN:78,(anonymous_8)
FN:82,(anonymous_9)
FN:86,(anonymous_10)
FN:92,(anonymous_11)
FN:96,(anonymous_12)
FNF:13
FNH:13
FNDA:60,(anonymous_0)
FNDA:23,(anonymous_1)
FNDA:20,(anonymous_2)
FNDA:16,(anonymous_3)
FNDA:11,(anonymous_4)
FNDA:1,(anonymous_5)
FNDA:4,(anonymous_6)
FNDA:2,(anonymous_7)
FNDA:1,(anonymous_8)
FNDA:2,(anonymous_9)
FNDA:3,(anonymous_10)
FNDA:1,(anonymous_11)
FNDA:1,(anonymous_12)
DA:1,2
DA:2,2
DA:6,60
DA:7,59
DA:8,59
DA:9,59
DA:10,59
DA:14,23
DA:15,23
DA:16,23
DA:18,22
DA:19,22
DA:20,21
DA:21,1
DA:24,20
DA:25,20
DA:26,20
DA:27,20
DA:29,20
DA:30,20
DA:31,20
DA:34,20
DA:38,16
DA:39,16
DA:40,15
DA:44,11
DA:45,11
DA:46,11
DA:47,10
DA:48,9
DA:49,9
DA:50,9
DA:51,9
DA:53,9
DA:57,1
DA:58,1
DA:59,1
DA:60,1
DA:64,4
DA:65,3
DA:66,3
DA:67,3
DA:68,2
DA:69,2
DA:70,2
DA:71,2
DA:72,2
DA:75,2
DA:79,1
DA:83,2
DA:87,3
DA:88,2
DA:89,1
DA:93,1
DA:97,1
DA:101,2
LF:56
LH:56
BRDA:6,0,0,1
BRDA:6,0,1,59
BRDA:15,1,0,0
BRDA:15,1,1,23
BRDA:16,2,0,1
BRDA:16,2,1,22
BRDA:19,3,0,1
BRDA:19,3,1,21
BRDA:20,4,0,1
BRDA:20,4,1,20
BRDA:20,5,0,21
BRDA:20,5,1,2
BRDA:29,6,0,20
BRDA:29,6,1,0
BRDA:39,7,0,1
BRDA:39,7,1,15
BRDA:46,8,0,1
BRDA:46,8,1,10
BRDA:47,9,0,1
BRDA:47,9,1,9
BRDA:50,10,0,9
BRDA:50,10,1,0
BRDA:66,11,0,0
BRDA:66,11,1,3
BRDA:67,12,0,1
BRDA:67,12,1,2
BRDA:67,13,0,3
BRDA:67,13,1,1
BRDA:70,14,0,2
BRDA:70,14,1,0
BRDA:87,15,0,1
BRDA:87,15,1,2
BRDA:87,16,0,3
BRDA:87,16,1,2
BRDA:88,17,0,1
BRDA:88,17,1,1
BRF:36
BRH:31
end_of_record
TN:
SF:src\services\GamificationService.js
FN:5,(anonymous_0)
FN:13,(anonymous_1)
FN:21,(anonymous_2)
FN:27,(anonymous_3)
FN:48,(anonymous_4)
FN:52,(anonymous_5)
FN:55,(anonymous_6)
FN:58,(anonymous_7)
FN:62,(anonymous_8)
FN:66,(anonymous_9)
FN:67,(anonymous_10)
FN:76,(anonymous_11)
FN:96,(anonymous_12)
FNF:13
FNH:10
FNDA:61,(anonymous_0)
FNDA:25,(anonymous_1)
FNDA:0,(anonymous_2)
FNDA:11,(anonymous_3)
FNDA:1,(anonymous_4)
FNDA:4,(anonymous_5)
FNDA:4,(anonymous_6)
FNDA:1,(anonymous_7)
FNDA:2,(anonymous_8)
FNDA:0,(anonymous_9)
FNDA:0,(anonymous_10)
FNDA:5,(anonymous_11)
FNDA:2,(anonymous_12)
DA:1,2
DA:2,2
DA:6,61
DA:7,60
DA:8,59
DA:9,59
DA:10,59
DA:14,25
DA:15,24
DA:16,23
DA:17,23
DA:18,23
DA:22,0
DA:23,0
DA:24,0
DA:28,11
DA:29,11
DA:30,10
DA:31,10
DA:32,9
DA:33,8
DA:34,7
DA:36,6
DA:37,6
DA:38,6
DA:39,6
DA:40,6
DA:42,6
DA:43,6
DA:45,6
DA:49,1
DA:53,4
DA:54,4
DA:55,4
DA:59,1
DA:63,2
DA:67,0
DA:77,5
DA:78,5
DA:79,4
DA:80,2
DA:81,1
DA:83,3
DA:84,3
DA:85,2
DA:86,1
DA:88,2
DA:89,0
DA:90,0
DA:92,2
DA:93,2
DA:97,2
DA:98,2
DA:99,1
DA:100,1
DA:104,2
LF:56
LH:50
BRDA:6,0,0,1
BRDA:6,0,1,60
BRDA:7,1,0,1
BRDA:7,1,1,59
BRDA:14,2,0,1
BRDA:14,2,1,24
BRDA:14,3,0,25
BRDA:14,3,1,24
BRDA:15,4,0,1
BRDA:15,4,1,23
BRDA:15,5,0,24
BRDA:15,5,1,23
BRDA:23,6,0,0
BRDA:23,6,1,0
BRDA:29,7,0,1
BRDA:29,7,1,10
BRDA:31,8,0,1
BRDA:31,8,1,9
BRDA:32,9,0,1
BRDA:32,9,1,8
BRDA:33,10,0,1
BRDA:33,10,1,7
BRDA:34,11,0,1
BRDA:34,11,1,6
BRDA:42,12,0,6
BRDA:42,12,1,0
BRDA:54,13,0,1
BRDA:54,13,1,3
BRDA:66,14,0,0
BRDA:78,15,0,1
BRDA:78,15,1,4
BRDA:79,16,0,2
BRDA:79,16,1,2
BRDA:80,17,0,1
BRDA:80,17,1,1
BRDA:80,18,0,2
BRDA:80,18,1,1
BRDA:83,19,0,0
BRDA:83,19,1,3
BRDA:84,20,0,2
BRDA:84,20,1,1
BRDA:85,21,0,1
BRDA:85,21,1,1
BRDA:88,22,0,0
BRDA:88,22,1,2
BRDA:89,23,0,0
BRDA:89,23,1,0
BRDA:98,24,0,1
BRDA:98,24,1,1
BRF:49
BRH:41
end_of_record
TN:
SF:src\services\InitiativeService.js
FN:5,(anonymous_0)
FN:14,(anonymous_1)
FN:33,(anonymous_2)
FN:40,(anonymous_3)
FN:47,(anonymous_4)
FN:65,(anonymous_5)
FN:77,(anonymous_6)
FN:83,(anonymous_7)
FN:90,(anonymous_8)
FN:101,(anonymous_9)
FN:116,(anonymous_10)
FN:123,(anonymous_11)
FN:130,(anonymous_12)
FN:134,(anonymous_13)
FN:138,(anonymous_14)
FN:142,(anonymous_15)
FN:146,(anonymous_16)
FN:150,(anonymous_17)
FN:154,(anonymous_18)
FN:161,(anonymous_19)
FN:167,(anonymous_20)
FNF:21
FNH:21
FNDA:119,(anonymous_0)
FNDA:65,(anonymous_1)
FNDA:58,(anonymous_2)
FNDA:183,(anonymous_3)
FNDA:80,(anonymous_4)
FNDA:2,(anonymous_5)
FNDA:12,(anonymous_6)
FNDA:37,(anonymous_7)
FNDA:10,(anonymous_8)
FNDA:35,(anonymous_9)
FNDA:2,(anonymous_10)
FNDA:6,(anonymous_11)
FNDA:1,(anonymous_12)
FNDA:3,(anonymous_13)
FNDA:1,(anonymous_14)
FNDA:1,(anonymous_15)
FNDA:1,(anonymous_16)
FNDA:1,(anonymous_17)
FNDA:6,(anonymous_18)
FNDA:165,(anonymous_19)
FNDA:82,(anonymous_20)
DA:1,4
DA:2,4
DA:6,119
DA:7,118
DA:8,117
DA:9,117
DA:10,117
DA:11,117
DA:15,65
DA:16,65
DA:17,64
DA:18,63
DA:20,62
DA:29,62
DA:30,62
DA:34,58
DA:35,58
DA:36,57
DA:37,57
DA:39,57
DA:40,57
DA:41,183
DA:44,57
DA:48,80
DA:49,80
DA:50,80
DA:51,79
DA:53,77
DA:54,77
DA:55,77
DA:56,77
DA:58,77
DA:59,77
DA:60,77
DA:62,77
DA:66,2
DA:67,2
DA:68,2
DA:70,1
DA:71,1
DA:72,1
DA:73,1
DA:74,1
DA:78,12
DA:79,12
DA:80,12
DA:81,12
DA:82,12
DA:83,12
DA:84,37
DA:87,12
DA:91,10
DA:92,10
DA:93,10
DA:96,10
DA:97,10
DA:101,10
DA:102,35
DA:103,35
DA:104,35
DA:105,35
DA:106,35
DA:107,35
DA:112,10
DA:113,10
DA:117,2
DA:118,2
DA:119,2
DA:120,2
DA:122,2
DA:123,2
DA:124,6
DA:127,2
DA:131,1
DA:135,3
DA:139,1
DA:143,1
DA:147,1
DA:151,1
DA:155,6
DA:156,2
DA:158,4
DA:162,165
DA:163,165
DA:164,164
DA:168,82
DA:169,82
DA:170,82
DA:171,1
DA:176,4
LF:90
LH:90
BRDA:6,0,0,1
BRDA:6,0,1,118
BRDA:7,1,0,1
BRDA:7,1,1,117
BRDA:16,2,0,1
BRDA:16,2,1,64
BRDA:17,3,0,1
BRDA:17,3,1,63
BRDA:18,4,0,1
BRDA:18,4,1,62
BRDA:18,5,0,63
BRDA:18,5,1,2
BRDA:26,6,0,62
BRDA:26,6,1,50
BRDA:39,7,0,57
BRDA:39,7,1,0
BRDA:50,8,0,1
BRDA:50,8,1,79
BRDA:51,9,0,2
BRDA:51,9,1,77
BRDA:58,10,0,77
BRDA:58,10,1,0
BRDA:68,11,0,1
BRDA:68,11,1,1
BRDA:82,12,0,12
BRDA:82,12,1,0
BRDA:97,13,0,10
BRDA:97,13,1,0
BRDA:103,14,0,35
BRDA:103,14,1,0
BRDA:106,15,0,35
BRDA:106,15,1,0
BRDA:122,16,0,2
BRDA:122,16,1,0
BRDA:155,17,0,2
BRDA:155,17,1,4
BRDA:155,18,0,6
BRDA:155,18,1,5
BRDA:163,19,0,1
BRDA:163,19,1,164
BRDA:169,20,0,0
BRDA:169,20,1,82
BRDA:170,21,0,1
BRDA:170,21,1,81
BRDA:170,22,0,82
BRDA:170,22,1,2
BRF:46
BRH:38
end_of_record
TN:
SF:src\services\MapService.js
FN:5,(anonymous_0)
FN:12,(anonymous_1)
FN:31,(anonymous_2)
FN:37,(anonymous_3)
FN:42,(anonymous_4)
FN:46,(anonymous_5)
FN:50,(anonymous_6)
FN:54,(anonymous_7)
FN:63,(anonymous_8)
FNF:9
FNH:9
FNDA:36,(anonymous_0)
FNDA:22,(anonymous_1)
FNDA:12,(anonymous_2)
FNDA:5,(anonymous_3)
FNDA:2,(anonymous_4)
FNDA:1,(anonymous_5)
FNDA:1,(anonymous_6)
FNDA:4,(anonymous_7)
FNDA:6,(anonymous_8)
DA:1,2
DA:2,2
DA:6,36
DA:7,35
DA:8,35
DA:9,35
DA:13,22
DA:14,22
DA:15,21
DA:17,20
DA:19,20
DA:20,4
DA:21,4
DA:22,3
DA:23,3
DA:24,3
DA:27,19
DA:28,19
DA:32,12
DA:33,12
DA:34,10
DA:38,5
DA:39,3
DA:43,2
DA:47,1
DA:51,1
DA:55,4
DA:56,3
DA:57,3
DA:58,3
DA:59,2
DA:60,2
DA:64,6
DA:65,6
DA:66,6
DA:67,6
DA:68,5
DA:69,2
DA:70,1
DA:72,4
DA:73,4
DA:74,2
DA:75,2
DA:76,1
DA:78,3
DA:79,3
DA:83,2
LF:47
LH:47
BRDA:6,0,0,1
BRDA:6,0,1,35
BRDA:14,1,0,1
BRDA:14,1,1,21
BRDA:15,2,0,1
BRDA:15,2,1,20
BRDA:19,3,0,4
BRDA:19,3,1,16
BRDA:21,4,0,1
BRDA:21,4,1,3
BRDA:33,5,0,2
BRDA:33,5,1,10
BRDA:37,6,0,0
BRDA:38,7,0,2
BRDA:38,7,1,3
BRDA:57,8,0,0
BRDA:57,8,1,3
BRDA:58,9,0,1
BRDA:58,9,1,2
BRDA:58,10,0,3
BRDA:58,10,1,2
BRDA:66,11,0,0
BRDA:66,11,1,6
BRDA:67,12,0,1
BRDA:67,12,1,5
BRDA:67,13,0,6
BRDA:67,13,1,1
BRDA:68,14,0,2
BRDA:68,14,1,3
BRDA:69,15,0,1
BRDA:69,15,1,1
BRDA:69,16,0,2
BRDA:69,16,1,1
BRDA:72,17,0,1
BRDA:72,17,1,3
BRDA:73,18,0,2
BRDA:73,18,1,2
BRDA:75,19,0,1
BRDA:75,19,1,1
BRF:39
BRH:36
end_of_record
TN:
SF:src\services\UserService.js
FN:5,(anonymous_0)
FN:11,(anonymous_1)
FN:27,(anonymous_2)
FN:33,(anonymous_3)
FN:39,(anonymous_4)
FN:53,(anonymous_5)
FN:67,(anonymous_6)
FN:78,(anonymous_7)
FN:86,(anonymous_8)
FN:87,(anonymous_9)
FN:95,(anonymous_10)
FN:109,(anonymous_11)
FN:113,(anonymous_12)
FN:117,(anonymous_13)
FNF:14
FNH:14
FNDA:154,(anonymous_0)
FNDA:419,(anonymous_1)
FNDA:2,(anonymous_2)
FNDA:2,(anonymous_3)
FNDA:40,(anonymous_4)
FNDA:3,(anonymous_5)
FNDA:34,(anonymous_6)
FNDA:2,(anonymous_7)
FNDA:4,(anonymous_8)
FNDA:10,(anonymous_9)
FNDA:4,(anonymous_10)
FNDA:1,(anonymous_11)
FNDA:1,(anonymous_12)
FNDA:1,(anonymous_13)
DA:1,5
DA:2,5
DA:6,154
DA:7,153
DA:8,153
DA:12,419
DA:13,418
DA:14,417
DA:15,417
DA:16,416
DA:17,416
DA:19,415
DA:20,415
DA:21,415
DA:22,415
DA:24,415
DA:28,2
DA:29,2
DA:30,1
DA:34,2
DA:35,2
DA:36,1
DA:40,40
DA:41,40
DA:42,39
DA:43,39
DA:44,38
DA:45,37
DA:46,37
DA:47,37
DA:48,37
DA:50,37
DA:54,3
DA:55,3
DA:56,3
DA:57,3
DA:58,3
DA:59,2
DA:60,2
DA:61,2
DA:62,2
DA:64,2
DA:68,34
DA:69,34
DA:70,33
DA:71,33
DA:72,33
DA:73,33
DA:75,33
DA:79,2
DA:80,2
DA:81,2
DA:82,1
DA:83,1
DA:87,10
DA:96,4
DA:97,4
DA:98,3
DA:99,3
DA:100,2
DA:101,1
DA:102,1
DA:103,0
DA:105,1
DA:106,1
DA:110,1
DA:114,1
DA:118,1
DA:122,5
LF:69
LH:68
BRDA:6,0,0,1
BRDA:6,0,1,153
BRDA:11,1,0,206
BRDA:12,2,0,1
BRDA:12,2,1,418
BRDA:12,3,0,419
BRDA:12,3,1,418
BRDA:13,4,0,1
BRDA:13,4,1,417
BRDA:15,5,0,1
BRDA:15,5,1,416
BRDA:17,6,0,1
BRDA:17,6,1,415
BRDA:21,7,0,415
BRDA:21,7,1,0
BRDA:29,8,0,1
BRDA:29,8,1,1
BRDA:35,9,0,1
BRDA:35,9,1,1
BRDA:41,10,0,1
BRDA:41,10,1,39
BRDA:41,11,0,40
BRDA:41,11,1,40
BRDA:43,12,0,1
BRDA:43,12,1,38
BRDA:44,13,0,1
BRDA:44,13,1,37
BRDA:47,14,0,37
BRDA:47,14,1,0
BRDA:55,15,0,0
BRDA:55,15,1,3
BRDA:55,16,0,3
BRDA:55,16,1,3
BRDA:57,17,0,0
BRDA:57,17,1,3
BRDA:58,18,0,1
BRDA:58,18,1,2
BRDA:61,19,0,2
BRDA:61,19,1,0
BRDA:67,20,0,33
BRDA:69,21,0,1
BRDA:69,21,1,33
BRDA:72,22,0,33
BRDA:72,22,1,0
BRDA:80,23,0,0
BRDA:80,23,1,2
BRDA:86,24,0,3
BRDA:97,25,0,1
BRDA:97,25,1,3
BRDA:98,26,0,1
BRDA:98,26,1,2
BRDA:98,27,0,3
BRDA:98,27,1,1
BRDA:99,28,0,2
BRDA:99,28,1,1
BRDA:100,29,0,1
BRDA:100,29,1,1
BRDA:102,30,0,1
BRDA:102,30,1,0
BRDA:102,31,0,1
BRDA:102,31,1,1
BRF:61
BRH:53
end_of_record
TN:
SF:src\storage\repositories.js
FN:3,(anonymous_0)
FN:7,(anonymous_1)
FN:13,(anonymous_2)
FN:17,(anonymous_3)
FN:21,(anonymous_4)
FN:27,(anonymous_5)
FN:31,(anonymous_6)
FN:35,(anonymous_7)
FN:41,(anonymous_8)
FN:42,(anonymous_9)
FN:45,(anonymous_10)
FN:46,(anonymous_11)
FN:49,(anonymous_12)
FN:50,(anonymous_13)
FN:53,(anonymous_14)
FN:54,(anonymous_15)
FN:57,(anonymous_16)
FN:59,(anonymous_17)
FN:65,(anonymous_18)
FN:66,(anonymous_19)
FN:69,(anonymous_20)
FN:70,(anonymous_21)
FN:73,(anonymous_22)
FN:74,(anonymous_23)
FN:77,(anonymous_24)
FN:78,(anonymous_25)
FN:81,(anonymous_26)
FN:82,(anonymous_27)
FN:87,(anonymous_28)
FN:88,(anonymous_29)
FN:91,(anonymous_30)
FN:92,(anonymous_31)
FN:95,(anonymous_32)
FN:96,(anonymous_33)
FN:107,(anonymous_34)
FN:113,(anonymous_35)
FN:114,(anonymous_36)
FN:117,(anonymous_37)
FN:118,(anonymous_38)
FN:121,(anonymous_39)
FN:122,(anonymous_40)
FN:125,(anonymous_41)
FN:126,(anonymous_42)
FN:131,(anonymous_43)
FN:132,(anonymous_44)
FN:135,(anonymous_45)
FN:136,(anonymous_46)
FN:139,(anonymous_47)
FN:140,(anonymous_48)
FNF:49
FNH:49
FNDA:460,(anonymous_0)
FNDA:989,(anonymous_1)
FNDA:714,(anonymous_2)
FNDA:539,(anonymous_3)
FNDA:6,(anonymous_4)
FNDA:3,(anonymous_5)
FNDA:1,(anonymous_6)
FNDA:2,(anonymous_7)
FNDA:423,(anonymous_8)
FNDA:572,(anonymous_9)
FNDA:1,(anonymous_10)
FNDA:2,(anonymous_11)
FNDA:2,(anonymous_12)
FNDA:4,(anonymous_13)
FNDA:59,(anonymous_14)
FNDA:187,(anonymous_15)
FNDA:6,(anonymous_16)
FNDA:16,(anonymous_17)
FNDA:1,(anonymous_18)
FNDA:2,(anonymous_19)
FNDA:2,(anonymous_20)
FNDA:3,(anonymous_21)
FNDA:2,(anonymous_22)
FNDA:3,(anonymous_23)
FNDA:4,(anonymous_24)
FNDA:4,(anonymous_25)
FNDA:3,(anonymous_26)
FNDA:3,(anonymous_27)
FNDA:3,(anonymous_28)
FNDA:3,(anonymous_29)
FNDA:2,(anonymous_30)
FNDA:4,(anonymous_31)
FNDA:5,(anonymous_32)
FNDA:6,(anonymous_33)
FNDA:24,(anonymous_34)
FNDA:3,(anonymous_35)
FNDA:4,(anonymous_36)
FNDA:3,(anonymous_37)
FNDA:3,(anonymous_38)
FNDA:2,(anonymous_39)
FNDA:2,(anonymous_40)
FNDA:2,(anonymous_41)
FNDA:2,(anonymous_42)
FNDA:3,(anonymous_43)
FNDA:3,(anonymous_44)
FNDA:4,(anonymous_45)
FNDA:10,(anonymous_46)
FNDA:2,(anonymous_47)
FNDA:3,(anonymous_48)
DA:4,460
DA:8,989
DA:9,988
DA:10,988
DA:14,714
DA:18,539
DA:22,6
DA:23,6
DA:24,6
DA:28,3
DA:32,1
DA:36,2
DA:42,572
DA:46,2
DA:50,4
DA:54,187
DA:58,6
DA:59,16
DA:66,2
DA:70,3
DA:74,3
DA:78,4
DA:82,3
DA:88,3
DA:92,4
DA:96,5
DA:97,6
DA:98,6
DA:100,6
DA:102,6
DA:103,6
DA:108,24
DA:114,4
DA:118,3
DA:122,2
DA:126,2
DA:132,3
DA:136,10
DA:140,3
DA:144,6
LF:40
LH:40
BRDA:8,0,0,1
BRDA:8,0,1,988
BRDA:14,1,0,714
BRDA:14,1,1,22
BRDA:42,2,0,423
BRDA:42,2,1,418
BRDA:57,3,0,0
BRDA:78,4,0,4
BRDA:78,4,1,4
BRDA:122,5,0,2
BRDA:122,5,1,2
BRF:11
BRH:10
end_of_record
TN:
SF:src\utils\idGenerator.js
FN:3,generateId
FN:8,resetCounters
FN:12,uuidLike
FN:13,(anonymous_3)
FNF:4
FNH:2
FNDA:540,generateId
FNDA:152,resetCounters
FNDA:0,uuidLike
FNDA:0,(anonymous_3)
DA:1,5
DA:4,540
DA:5,540
DA:9,152
DA:13,0
DA:14,0
DA:15,0
DA:16,0
DA:20,5
LF:9
LH:5
BRDA:3,0,0,0
BRDA:4,1,0,258
BRDA:4,1,1,282
BRDA:15,2,0,0
BRDA:15,2,1,0
BRF:5
BRH:2
end_of_record
TN:
SF:src\utils\notificationService.js
FN:4,(anonymous_0)
FN:9,(anonymous_1)
FN:15,(anonymous_2)
FN:18,(anonymous_3)
FN:20,(anonymous_4)
FN:24,(anonymous_5)
FN:28,(anonymous_6)
FN:38,(anonymous_7)
FN:39,(anonymous_8)
FN:43,(anonymous_9)
FN:47,(anonymous_10)
FN:54,(anonymous_11)
FN:59,(anonymous_12)
FN:73,(anonymous_13)
FN:74,(anonymous_14)
FN:77,(anonymous_15)
FN:78,(anonymous_16)
FN:81,(anonymous_17)
FN:82,(anonymous_18)
FN:88,(anonymous_19)
FN:90,(anonymous_20)
FN:91,(anonymous_21)
FN:94,(anonymous_22)
FN:95,(anonymous_23)
FN:98,(anonymous_24)
FNF:25
FNH:25
FNDA:177,(anonymous_0)
FNDA:11,(anonymous_1)
FNDA:1,(anonymous_2)
FNDA:3,(anonymous_3)
FNDA:2,(anonymous_4)
FNDA:970,(anonymous_5)
FNDA:6,(anonymous_6)
FNDA:3,(anonymous_7)
FNDA:3,(anonymous_8)
FNDA:1,(anonymous_9)
FNDA:2,(anonymous_10)
FNDA:164,(anonymous_11)
FNDA:958,(anonymous_12)
FNDA:25,(anonymous_13)
FNDA:250,(anonymous_14)
FNDA:3,(anonymous_15)
FNDA:5,(anonymous_16)
FNDA:3,(anonymous_17)
FNDA:2,(anonymous_18)
FNDA:2,(anonymous_19)
FNDA:4,(anonymous_20)
FNDA:3,(anonymous_21)
FNDA:2,(anonymous_22)
FNDA:4,(anonymous_23)
FNDA:1,(anonymous_24)
DA:5,177
DA:6,177
DA:10,11
DA:11,10
DA:12,7
DA:14,10
DA:15,10
DA:19,3
DA:20,2
DA:21,2
DA:25,970
DA:26,970
DA:27,970
DA:28,6
DA:29,6
DA:30,6
DA:33,1
DA:39,3
DA:40,2
DA:44,1
DA:48,2
DA:55,164
DA:56,164
DA:60,958
DA:68,958
DA:69,958
DA:70,958
DA:74,250
DA:78,5
DA:82,3
DA:83,3
DA:84,2
DA:85,2
DA:89,2
DA:90,4
DA:91,3
DA:95,4
DA:99,1
DA:103,6
LF:39
LH:39
BRDA:10,0,0,1
BRDA:10,0,1,10
BRDA:11,1,0,7
BRDA:11,1,1,3
BRDA:19,2,0,1
BRDA:19,2,1,2
BRDA:27,3,0,964
BRDA:27,3,1,6
BRDA:38,4,0,2
BRDA:39,5,0,1
BRDA:39,5,1,2
BRDA:48,6,0,1
BRDA:48,6,1,1
BRDA:59,7,0,18
BRDA:78,8,0,5
BRDA:78,8,1,4
BRDA:83,9,0,1
BRDA:83,9,1,2
BRDA:90,10,0,4
BRDA:90,10,1,3
BRF:20
BRH:20
end_of_record
TN:
SF:src\utils\pointsStrategies.js
FN:4,(anonymous_0)
FN:8,(anonymous_1)
FN:15,(anonymous_2)
FN:20,(anonymous_3)
FN:27,(anonymous_4)
FN:33,(anonymous_5)
FN:40,(anonymous_6)
FN:47,(anonymous_7)
FN:57,(anonymous_8)
FN:64,(anonymous_9)
FN:71,(anonymous_10)
FN:78,(anonymous_11)
FN:84,(anonymous_12)
FN:93,(anonymous_13)
FNF:14
FNH:14
FNDA:1,(anonymous_0)
FNDA:1,(anonymous_1)
FNDA:11,(anonymous_2)
FNDA:1,(anonymous_3)
FNDA:11,(anonymous_4)
FNDA:7,(anonymous_5)
FNDA:1,(anonymous_6)
FNDA:8,(anonymous_7)
FNDA:1,(anonymous_8)
FNDA:7,(anonymous_9)
FNDA:1,(anonymous_10)
FNDA:9,(anonymous_11)
FNDA:6,(anonymous_12)
FNDA:1,(anonymous_13)
DA:5,1
DA:9,1
DA:16,11
DA:17,10
DA:21,1
DA:28,11
DA:29,11
DA:30,9
DA:34,7
DA:35,6
DA:36,6
DA:37,6
DA:41,1
DA:48,8
DA:49,7
DA:50,7
DA:51,7
DA:52,6
DA:53,5
DA:54,7
DA:58,1
DA:65,7
DA:66,6
DA:67,6
DA:68,6
DA:72,1
DA:79,9
DA:80,9
DA:81,7
DA:85,6
DA:86,5
DA:87,5
DA:88,3
DA:90,2
DA:94,1
DA:98,5
LF:36
LH:36
BRDA:16,0,0,1
BRDA:16,0,1,10
BRDA:27,1,0,6
BRDA:29,2,0,2
BRDA:29,2,1,9
BRDA:33,3,0,2
BRDA:34,4,0,1
BRDA:34,4,1,6
BRDA:35,5,0,6
BRDA:35,5,1,1
BRDA:36,6,0,4
BRDA:36,6,1,2
BRDA:47,7,0,2
BRDA:48,8,0,1
BRDA:48,8,1,7
BRDA:49,9,0,7
BRDA:49,9,1,1
BRDA:51,10,0,1
BRDA:51,10,1,6
BRDA:52,11,0,1
BRDA:52,11,1,5
BRDA:53,12,0,3
BRDA:53,12,1,2
BRDA:64,13,0,2
BRDA:65,14,0,1
BRDA:65,14,1,6
BRDA:66,15,0,6
BRDA:66,15,1,3
BRDA:78,16,0,4
BRDA:80,17,0,2
BRDA:80,17,1,7
BRDA:80,18,0,9
BRDA:80,18,1,8
BRDA:84,19,0,2
BRDA:85,20,0,1
BRDA:85,20,1,5
BRDA:87,21,0,3
BRDA:87,21,1,2
BRF:38
BRH:38
end_of_record
